<acceptance-test-run title="Login successfull at &apos;https" name="Login successfull at &apos;https://www.usertesting.com&apos;" steps="3" successful="1" failures="0" errors="1" skipped="1" ignored="0" pending="0" annotated-result="ERROR" result="ERROR" duration="16005" timestamp="2016-12-13T22:21:53.607+01:00" session-id="8e812875-2601-4042-b02e-025d4f203c5e">
  <user-story id="LookupADefinition" name="Lookup a definition" path="stories/consult_dictionary/LookupADefinition.story"/>
  <tags>
    <tag name="Consult dictionary" type="feature"/>
    <tag name="Consult dictionary/Lookup a definition" type="story"/>
    <tag name="Lookup a definition" type="story"/>
  </tags>
  <test-group name="Given the user is on the Login page" result="SUCCESS">
    <screenshots>
      <screenshot image="35e19b00496b409615ec0ea4b0b4ee5c.png"/>
    </screenshots>
    <test-step result="SUCCESS" duration="7650">
      <screenshots>
        <screenshot image="7f5d1eb9d42cabb575204d4bfdfe24ff.png"/>
      </screenshots>
      <description>Goto the login page</description>
    </test-step>
  </test-group>
  <test-group name="When the user logs in with username &apos;droidzig+usertesting@gmail.com&apos; and password &apos;aA123456&apos;" result="ERROR">
    <screenshots>
      <screenshot image="e916cfd3b09f7d04320ede008c56a1ef.png"/>
    </screenshots>
    <test-step result="ERROR" duration="5925">
      <screenshots>
        <screenshot image="53e16779858a81056cbbe421053b5932.png"/>
        <screenshot image="72e5ab20375c0d29d7286b4480db9461.png" source="pagesource5648712089701083031.html.txt"/>
      </screenshots>
      <description>Login with: droidzig+usertesting@gmail.com, aA123456</description>
      <error>org.openqa.selenium.NoSuchElementException: Timed out after 2 seconds. Element not found
For documentation on this error, please visit: http://seleniumhq.org/exceptions/no_such_element.html
Build info: version: &apos;2.53.1&apos;, revision: &apos;a36b8b1cd5757287168e54b817830adce9b0158d&apos;, time: &apos;2016-06-30 19:26:09&apos;
System info: host: &apos;DANASUS305FA&apos;, ip: &apos;192.168.1.7&apos;, os.name: &apos;Windows 10&apos;, os.arch: &apos;amd64&apos;, os.version: &apos;10.0&apos;, java.version: &apos;1.8.0_65&apos;
Driver info: driver.version: unknown</error>
      <exception>org.openqa.selenium.NoSuchElementException:Timed out after 2 seconds. Element not found
For documentation on this error, please visit: http://seleniumhq.org/exceptions/no_such_element.html
Build info: version: &apos;2.53.1&apos;, revision: &apos;a36b8b1cd5757287168e54b817830adce9b0158d&apos;, time: &apos;2016-06-30 19:26:09&apos;
System info: host: &apos;DANASUS305FA&apos;, ip: &apos;192.168.1.7&apos;, os.name: &apos;Windows 10&apos;, os.arch: &apos;amd64&apos;, os.version: &apos;10.0&apos;, java.version: &apos;1.8.0_65&apos;
Driver info: driver.version: unknown&#xd;
[com.usertesting.senerity.steps.serenity.EndUserSteps.login_with(EndUserSteps.java:52), com.usertesting.senerity.steps.DefinitionSteps.givenTheUserLogsInWith(DefinitionSteps.java:32)]</exception>
    </test-step>
  </test-group>
  <test-step result="SKIPPED" duration="2">
    <description>Then they should see the dashboard</description>
  </test-step>
</acceptance-test-run>